0 info it worked if it ends with ok
1 verbose cli [ 'node',
1 verbose cli   '/usr/local/bin/npm',
1 verbose cli   'install',
1 verbose cli   '--save',
1 verbose cli   'angular-route@X.Y.Z' ]
2 info using npm@2.12.1
3 info using node@v0.12.7
4 verbose node symlink /usr/local/bin/node
5 verbose install initial load of /Users/Jef/Development/code_projects/angular/package.json
6 verbose readDependencies loading dependencies from /Users/Jef/Development/code_projects/angular/package.json
7 silly cache add args [ 'angular-route@X.Y.Z', null ]
8 verbose cache add spec angular-route@X.Y.Z
9 silly cache add parsed spec { raw: 'angular-route@X.Y.Z',
9 silly cache add   scope: null,
9 silly cache add   name: 'angular-route',
9 silly cache add   rawSpec: 'X.Y.Z',
9 silly cache add   spec: 'X.Y.Z',
9 silly cache add   type: 'tag' }
10 silly addNamed angular-route@X.Y.Z
11 verbose addNamed "X.Y.Z" is being treated as a dist-tag for angular-route
12 info addNameTag [ 'angular-route', 'X.Y.Z' ]
13 silly mapToRegistry name angular-route
14 silly mapToRegistry using default registry
15 silly mapToRegistry registry https://registry.npmjs.org/
16 silly mapToRegistry uri https://registry.npmjs.org/angular-route
17 verbose addNameTag registry:https://registry.npmjs.org/angular-route not in flight; fetching
18 verbose request uri https://registry.npmjs.org/angular-route
19 verbose request no auth needed
20 info attempt registry request try #1 at 07:22:46
21 verbose request id 79c277e4f813c348
22 http request GET https://registry.npmjs.org/angular-route
23 http 200 https://registry.npmjs.org/angular-route
24 silly get cb [ 200,
24 silly get   { server: 'nginx/1.10.1',
24 silly get     'content-type': 'application/json',
24 silly get     'last-modified': 'Thu, 08 Dec 2016 12:17:45 GMT',
24 silly get     etag: 'W/"58494f69-15e8a"',
24 silly get     'content-encoding': 'gzip',
24 silly get     'cache-control': 'max-age=300',
24 silly get     'content-length': '9730',
24 silly get     'accept-ranges': 'bytes',
24 silly get     date: 'Mon, 12 Dec 2016 12:22:45 GMT',
24 silly get     via: '1.1 varnish',
24 silly get     age: '36',
24 silly get     connection: 'keep-alive',
24 silly get     'x-served-by': 'cache-iad2137-IAD',
24 silly get     'x-cache': 'HIT',
24 silly get     'x-cache-hits': '1',
24 silly get     'x-timer': 'S1481545365.475711,VS0,VE0',
24 silly get     vary: 'Accept-Encoding' } ]
25 verbose get saving angular-route to /Users/Jef/.npm/registry.npmjs.org/angular-route/.cache.json
26 silly addNameTag next cb for angular-route with tag X.Y.Z
27 verbose stack Error: No compatible version found: angular-route@'X.Y.Z'
27 verbose stack Valid install targets:
27 verbose stack ["1.2.17-build.163.1","1.3.0-rc.5","1.3.0","1.3.1","1.3.2","1.3.3","1.3.4-build.3588","1.2.27","1.3.4","1.3.5","1.3.6","1.3.7","1.2.28","1.3.8","1.4.0-beta.0","1.3.9","1.3.10","1.4.0-beta.1","1.4.0-beta.2","1.3.11","1.4.0-beta.3","1.3.12","1.3.13","1.4.0-beta.4","1.3.14","1.4.0-beta.5","1.4.0-beta.6","1.3.15","1.4.0-rc.0","1.4.0-rc.1","1.4.0-rc.2","1.4.0","1.3.16","1.4.1","1.4.2","1.3.17","1.4.3","1.4.4","1.3.18","1.4.5","1.3.19","1.4.6","1.5.0-beta.0","1.2.29","1.3.20","1.4.7","1.5.0-beta.2","1.4.8","1.5.0-rc.0","1.5.0-rc.1","1.4.9","1.5.0-rc.2","1.5.0","1.5.1","1.4.10","1.5.2","1.5.3","1.5.5","1.4.11","1.5.6","1.4.12","1.5.7","1.2.30","1.5.8","1.4.13","1.2.31","1.2.32","1.4.14","1.6.0-rc.0","1.6.0-rc.1","1.5.9","1.6.0-rc.2","1.6.0"]
27 verbose stack
27 verbose stack     at installTargetsError (/usr/local/lib/node_modules/npm/lib/cache/add-named.js:274:12)
27 verbose stack     at next (/usr/local/lib/node_modules/npm/lib/cache/add-named.js:94:10)
27 verbose stack     at RES (/usr/local/lib/node_modules/npm/node_modules/inflight/inflight.js:23:14)
27 verbose stack     at f (/usr/local/lib/node_modules/npm/node_modules/once/once.js:17:25)
27 verbose stack     at fixName (/usr/local/lib/node_modules/npm/lib/cache/add-named.js:29:5)
27 verbose stack     at saved (/usr/local/lib/node_modules/npm/lib/cache/caching-client.js:173:7)
27 verbose stack     at FSReqWrap.oncomplete (fs.js:95:15)
28 verbose cwd /Users/Jef/Development/code_projects/angular
29 error Darwin 15.6.0
30 error argv "node" "/usr/local/bin/npm" "install" "--save" "angular-route@X.Y.Z"
31 error node v0.12.7
32 error npm  v2.12.1
33 error code ETARGET
34 error notarget No compatible version found: angular-route@'X.Y.Z'
34 error notarget Valid install targets:
34 error notarget ["1.2.17-build.163.1","1.3.0-rc.5","1.3.0","1.3.1","1.3.2","1.3.3","1.3.4-build.3588","1.2.27","1.3.4","1.3.5","1.3.6","1.3.7","1.2.28","1.3.8","1.4.0-beta.0","1.3.9","1.3.10","1.4.0-beta.1","1.4.0-beta.2","1.3.11","1.4.0-beta.3","1.3.12","1.3.13","1.4.0-beta.4","1.3.14","1.4.0-beta.5","1.4.0-beta.6","1.3.15","1.4.0-rc.0","1.4.0-rc.1","1.4.0-rc.2","1.4.0","1.3.16","1.4.1","1.4.2","1.3.17","1.4.3","1.4.4","1.3.18","1.4.5","1.3.19","1.4.6","1.5.0-beta.0","1.2.29","1.3.20","1.4.7","1.5.0-beta.2","1.4.8","1.5.0-rc.0","1.5.0-rc.1","1.4.9","1.5.0-rc.2","1.5.0","1.5.1","1.4.10","1.5.2","1.5.3","1.5.5","1.4.11","1.5.6","1.4.12","1.5.7","1.2.30","1.5.8","1.4.13","1.2.31","1.2.32","1.4.14","1.6.0-rc.0","1.6.0-rc.1","1.5.9","1.6.0-rc.2","1.6.0"]
34 error notarget
34 error notarget This is most likely not a problem with npm itself.
34 error notarget In most cases you or one of your dependencies are requesting
34 error notarget a package version that doesn't exist.
35 verbose exit [ 1, true ]
